#
# A fatal error has been detected by the Java Runtime Environment:
#
#  EXCEPTION_ACCESS_VIOLATION (0xc0000005) at pc=0x00007ffbeb94e5d0, pid=8548, tid=10684
#
# JRE version: OpenJDK Runtime Environment Microsoft-11926163 (17.0.16+8) (build 17.0.16+8-LTS)
# Java VM: OpenJDK 64-Bit Server VM Microsoft-11926163 (17.0.16+8-LTS, mixed mode, sharing, tiered, compressed oops, compressed class ptrs, g1 gc, windows-amd64)
# Problematic frame:
# V  [jvm.dll+0x62f9e8]
#
# No core dump will be written. Minidumps are not enabled by default on client versions of Windows
#
# If you would like to submit a bug report, please visit:
#   https://github.com/microsoft/openjdk/issues
#

---------------  S U M M A R Y ------------

Command Line: -javaagent:C:\Users\User1\AppData\Local\JetBrains\IdeaIC2025.2\captureAgent\debugger-agent.jar=file:///C:/Users/User1/AppData/Local/Temp/capture8521851948693020108.props -ea -Didea.test.cyclic.buffer.size=1048576 -javaagent:C:\Program Files\JetBrains\IntelliJ IDEA Community Edition 2025.2\lib\idea_rt.jar=51292 -Dkotlinx.coroutines.debug.enable.creation.stack.trace=false -Ddebugger.agent.enable.coroutines=true -Dkotlinx.coroutines.debug.enable.flows.stack.trace=true -Dkotlinx.coroutines.debug.enable.mutable.state.flows.stack.trace=true -Dfile.encoding=UTF-8 com.intellij.rt.testng.RemoteTestNGStarter -usedefaultlisteners false -socket51291 @w@C:\Users\User1\AppData\Local\Temp\idea_working_dirs_testng1.tmp -temp C:\Users\User1\AppData\Local\Temp\idea_testng1.tmp

Host: Intel(R) Core(TM) i7-10700 CPU @ 2.90GHz, 16 cores, 15G,  Windows 11 , 64 bit Build 26100 (10.0.26100.4768)
Time: Fri Aug 29 17:36:50 2025 India Standard Time elapsed time: 0.766750 seconds (0d 0h 0m 0s)

---------------  T H R E A D  ---------------

Current thread (0x0000019a71b80b00):  JavaThread "C2 CompilerThread0" daemon [_thread_in_native, id=10684, stack(0x0000003791600000,0x0000003791700000)]


Current CompileTask:
C2:    766 1543       4       java.util.HashMap::put (13 bytes)

Stack: [0x0000003791600000,0x0000003791700000],  sp=0x00000037916fbc00,  free space=1007k
Native frames: (J=compiled Java code, j=interpreted, Vv=VM code, C=native code)
C  0x00007ffbeb94e5d0


siginfo: EXCEPTION_ACCESS_VIOLATION (0xc0000005), data execution prevention violation at address 0x00007ffbeb94e5d0


Registers:
RAX=0x0000000000000006, RBX=0x0000019a77f03778, RCX=0x0000000000000048, RDX=0x0000019a7299e820
RSP=0x00000037916fbbf8, RBP=0x0000019a7299c738, RSI=0x00000037916fc160, RDI=0x0000019a7299fd88
R8 =0x0000019a7299c738, R9 =0x0000019a7299fd88, R10=0x00007ffc0bf6f9de, R11=0x0000003000000000
R12=0x00000037916fbdc0, R13=0x0000000000000000, R14=0x0000019a7299e820, R15=0x00000037916fdf60
RIP=0x00007ffbeb94e5d0, EFLAGS=0x0000000000010206

XMM[0]=0x0000019a7299e4a8 0x0000019a7299e820
XMM[1]=0x0000019a7299e4a8 0x0000019a7299e820
XMM[2]=0x0000019a7299d668 0x0000019a7299d668
XMM[3]=0x0000019a7299d958 0x0000019a7299d958
XMM[4]=0x0000019a7299d958 0x0000019a7299d958
XMM[5]=0x0000019a7299f448 0x0000019a7299f370
XMM[6]=0x0000000000000000 0x0000000000000000
XMM[7]=0x0000000000000000 0x0000000000000000
XMM[8]=0x0000000000000000 0x0000000000000000
XMM[9]=0x0000000000000000 0x0000000000000000
XMM[10]=0x0000000000000000 0x0000000000000000
XMM[11]=0x0000000000000000 0x0000000000000000
XMM[12]=0x0000000000000000 0x0000000000000000
XMM[13]=0x0000000000000000 0x0000000000000000
XMM[14]=0x0000000000000000 0x0000000000000000
XMM[15]=0x0000000000000000 0x0000000000000000
  MXCSR=0x00001fa0


Register to memory mapping:

RIP=0x00007ffbeb94e5d0 is an unknown value
RAX=0x0000000000000006 is an unknown value
RBX=0x0000019a77f03778 points into unknown readable memory: 0x00007ffc0c282530 | 30 25 28 0c fc 7f 00 00
RCX=0x0000000000000048 is an unknown value
RDX=0x0000019a7299e820 points into unknown readable memory: 0x00007ffc0c2698c0 | c0 98 26 0c fc 7f 00 00
RSP=0x00000037916fbbf8 is pointing into the stack for thread: 0x0000019a71b80b00
RBP=0x0000019a7299c738 points into unknown readable memory: 0x00007ffc0c2037b0 | b0 37 20 0c fc 7f 00 00
RSI=0x00000037916fc160 is pointing into the stack for thread: 0x0000019a71b80b00
RDI=0x0000019a7299fd88 points into unknown readable memory: 0x00007ffc0c2647f0 | f0 47 26 0c fc 7f 00 00
R8 =0x0000019a7299c738 points into unknown readable memory: 0x00007ffc0c2037b0 | b0 37 20 0c fc 7f 00 00
R9 =0x0000019a7299fd88 points into unknown readable memory: 0x00007ffc0c2647f0 | f0 47 26 0c fc 7f 00 00
R10=0x00007ffc0bf6f9de jvm.dll
R11=0x0000003000000000 is an unknown value
R12=0x00000037916fbdc0 is pointing into the stack for thread: 0x0000019a71b80b00
R13=0x0 is NULL
R14=0x0000019a7299e820 points into unknown readable memory: 0x00007ffc0c2698c0 | c0 98 26 0c fc 7f 00 00
R15=0x00000037916fdf60 is pointing into the stack for thread: 0x0000019a71b80b00


Top of Stack: (sp=0x00000037916fbbf8)
0x00000037916fbbf8:   00007ffc0bf6f9e8 0000019a775d1c88
0x00000037916fbc08:   00007ffc0c14921e 0000019a7299e820
0x00000037916fbc18:   00007ffc0bc92ba8 00000037916fc160
0x00000037916fbc28:   0000019a780008b0 00000037916fc160
0x00000037916fbc38:   0000019a7299fd88 0000019a7299e820
0x00000037916fbc48:   00007ffc0bc9713d 0000019a77f03778
0x00000037916fbc58:   0000019a7299c738 00000037916fc160
0x00000037916fbc68:   0000000000000000 0000000000000000
0x00000037916fbc78:   0000019a77f03778 000000000000000a
0x00000037916fbc88:   00007ffc00000000 0000000000000000
0x00000037916fbc98:   0000001000042000 00000037916fbde0
0x00000037916fbca8:   00007ffc0ba57071 0000019a77f03778
0x00000037916fbcb8:   0000001000042000 0000019a7299e820
0x00000037916fbcc8:   0000019a7299fd88 0000019a0000000a
0x00000037916fbcd8:   00007ffc0000000a 0000000000000000
0x00000037916fbce8:   00007ffc0bbe9f00 0000000000000000
0x00000037916fbcf8:   0000019a775d1200 0000000000000000
0x00000037916fbd08:   00007ffc0c14a28e 0000000a00000000
0x00000037916fbd18:   0000000000000000 0000019a77f03778
0x00000037916fbd28:   0000019a7299ca00 000000000000000a
0x00000037916fbd38:   0000000000000000 00000037916fbde0
0x00000037916fbd48:   0000019a4eed4780 0000019a7299cad8
0x00000037916fbd58:   00007ffc0ba56f3c 00000037916fbdc0
0x00000037916fbd68:   00000037916fbd00 0000019a7299cad8
0x00000037916fbd78:   0000019a4eed4700 00000037916fbde0
0x00000037916fbd88:   0000000000000000 0000019a775d1688
0x00000037916fbd98:   00007ffc0bc8b788 00000037916fc160
0x00000037916fbda8:   0000019a7299fd88 0000019a7299fd88
0x00000037916fbdb8:   00007ffc0bff6640 0000019a77f03778
0x00000037916fbdc8:   0000019a72822790 0000019a7299fd88
0x00000037916fbdd8:   0000019a775d1688 00007ffc0c2b1a78
0x00000037916fbde8:   0000001000042040 0000019a0000000a 

Instructions: (pc=0x00007ffc0bf6f9e8)
0x00007ffc0bf6f8e8:   24 10 48 89 74 24 18 57 41 56 41 57 48 83 ec 30
0x00007ffc0bf6f8f8:   8b 84 24 80 00 00 00 49 8b f9 83 c0 fc 49 8b e8
0x00007ffc0bf6f908:   4c 8b f2 4c 8b f9 83 f8 0d 0f 87 0a 05 00 00 48
0x00007ffc0bf6f918:   8d 0d e2 06 9d ff 48 98 44 8b 94 81 54 fe 62 00
0x00007ffc0bf6f928:   4c 03 d1 41 ff e2 b9 38 00 00 00 e8 98 ec 9d ff
0x00007ffc0bf6f938:   48 8b d8 48 85 c0 74 2e ba 01 00 00 00 49 8b cf
0x00007ffc0bf6f948:   e8 e3 52 08 00 48 8b 54 24 78 4c 8b c0 48 8b cb
0x00007ffc0bf6f958:   e8 63 97 b8 ff 48 8b d0 49 8b cf 49 8b 07 ff 50
0x00007ffc0bf6f968:   08 48 8b f0 eb 15 49 8b 07 33 d2 49 8b cf ff 50
0x00007ffc0bf6f978:   08 48 8b f0 eb 05 48 8b 74 24 78 b9 48 00 00 00
0x00007ffc0bf6f988:   e8 43 ec 9d ff 48 8b d8 48 85 c0 74 40 4c 8b cf
0x00007ffc0bf6f998:   48 89 74 24 20 4c 8b c5 49 8b d6 48 8b c8 e8 25
0x00007ffc0bf6f9a8:   ad 03 00 8b 8c 24 88 00 00 00 48 8d 05 f7 e6 37
0x00007ffc0bf6f9b8:   00 48 89 03 48 8b c3 c7 43 38 00 00 00 00 89 4b
0x00007ffc0bf6f9c8:   40 c7 43 2c 50 00 00 00 e9 64 04 00 00 33 db 8b
0x00007ffc0bf6f9d8:   c3 e9 5b 04 00 00 b9 48 00 00 00 e8 e8 eb 9d ff
0x00007ffc0bf6f9e8:   48 8b d8 48 85 c0 74 e5 48 8b 4c 24 78 4c 8b cf
0x00007ffc0bf6f9f8:   48 89 4c 24 20 4c 8b c5 48 8b c8 49 8b d6 e8 c5
0x00007ffc0bf6fa08:   ac 03 00 8b 84 24 88 00 00 00 89 43 40 48 8d 05
0x00007ffc0bf6fa18:   64 e8 37 00 48 89 03 48 8b c3 c7 43 38 00 00 00
0x00007ffc0bf6fa28:   00 c7 43 2c 50 00 00 00 e9 04 04 00 00 b9 48 00
0x00007ffc0bf6fa38:   00 00 e8 91 eb 9d ff 48 8b d8 48 85 c0 74 8e 48
0x00007ffc0bf6fa48:   8b 4c 24 78 4c 8b cf 48 89 4c 24 20 4c 8b c5 48
0x00007ffc0bf6fa58:   8b c8 49 8b d6 e8 6e ac 03 00 8b 84 24 88 00 00
0x00007ffc0bf6fa68:   00 89 43 40 48 8d 05 25 e7 37 00 48 89 03 48 8b
0x00007ffc0bf6fa78:   c3 c7 43 38 00 00 00 00 c7 43 2c 50 00 00 00 e9
0x00007ffc0bf6fa88:   ad 03 00 00 b9 50 00 00 00 e8 3a eb 9d ff 48 8b
0x00007ffc0bf6fa98:   d8 48 85 c0 0f 84 33 ff ff ff 48 8b 4c 24 78 4c
0x00007ffc0bf6faa8:   8b cf 48 89 4c 24 20 4c 8b c5 48 8b c8 49 8b d6
0x00007ffc0bf6fab8:   e8 13 ac 03 00 8b 84 24 88 00 00 00 89 43 40 48
0x00007ffc0bf6fac8:   8d 05 9a e8 37 00 48 89 03 0f b6 84 24 90 00 00
0x00007ffc0bf6fad8:   00 88 43 48 48 8b c3 c7 43 38 00 00 00 00 c7 43 


Stack slot to memory mapping:
stack at sp + 0 slots: 0x0000019a775d1c88 points into unknown readable memory: 0x00007ffc0c31f658 | 58 f6 31 0c fc 7f 00 00
stack at sp + 1 slots: 0x00007ffc0c14921e jvm.dll
stack at sp + 2 slots: 0x0000019a7299e820 points into unknown readable memory: 0x00007ffc0c2698c0 | c0 98 26 0c fc 7f 00 00
stack at sp + 3 slots: 0x00007ffc0bc92ba8 jvm.dll
stack at sp + 4 slots: 0x00000037916fc160 is pointing into the stack for thread: 0x0000019a71b80b00
stack at sp + 5 slots: 0x0000019a780008b0 points into unknown readable memory: 0x0000019a77ebfdb0 | b0 fd eb 77 9a 01 00 00
stack at sp + 6 slots: 0x00000037916fc160 is pointing into the stack for thread: 0x0000019a71b80b00
stack at sp + 7 slots: 0x0000019a7299fd88 points into unknown readable memory: 0x00007ffc0c2647f0 | f0 47 26 0c fc 7f 00 00


---------------  P R O C E S S  ---------------

Threads class SMR info:
_java_thread_list=0x0000019a780622a0, length=19, elements={
0x0000019a4eeb93e0, 0x0000019a71b646d0, 0x0000019a71b651a0, 0x0000019a71b76880,
0x0000019a71b79260, 0x0000019a71b7bb40, 0x0000019a71b7c820, 0x0000019a71b80b00,
0x0000019a71b814c0, 0x0000019a71b90e10, 0x0000019a728e6400, 0x0000019a7290a950,
0x0000019a7290ce80, 0x0000019a72937cd0, 0x0000019a72aaaa30, 0x0000019a7708b4f0,
0x0000019a770660d0, 0x0000019a7810b6b0, 0x0000019a785ed2c0
}

Java Threads: ( => current thread )
  0x0000019a4eeb93e0 JavaThread "main" [_thread_in_native, id=17848, stack(0x0000003790900000,0x0000003790a00000)]
  0x0000019a71b646d0 JavaThread "Reference Handler" daemon [_thread_blocked, id=11688, stack(0x0000003791000000,0x0000003791100000)]
  0x0000019a71b651a0 JavaThread "Finalizer" daemon [_thread_blocked, id=10688, stack(0x0000003791100000,0x0000003791200000)]
  0x0000019a71b76880 JavaThread "Signal Dispatcher" daemon [_thread_blocked, id=1236, stack(0x0000003791200000,0x0000003791300000)]
  0x0000019a71b79260 JavaThread "Attach Listener" daemon [_thread_blocked, id=10792, stack(0x0000003791300000,0x0000003791400000)]
  0x0000019a71b7bb40 JavaThread "Service Thread" daemon [_thread_blocked, id=3776, stack(0x0000003791400000,0x0000003791500000)]
  0x0000019a71b7c820 JavaThread "Monitor Deflation Thread" daemon [_thread_blocked, id=9076, stack(0x0000003791500000,0x0000003791600000)]
=>0x0000019a71b80b00 JavaThread "C2 CompilerThread0" daemon [_thread_in_native, id=10684, stack(0x0000003791600000,0x0000003791700000)]
  0x0000019a71b814c0 JavaThread "C1 CompilerThread0" daemon [_thread_blocked, id=18892, stack(0x0000003791700000,0x0000003791800000)]
  0x0000019a71b90e10 JavaThread "Sweeper thread" daemon [_thread_blocked, id=10300, stack(0x0000003791800000,0x0000003791900000)]
  0x0000019a728e6400 JavaThread "Common-Cleaner" daemon [_thread_blocked, id=2716, stack(0x0000003791900000,0x0000003791a00000)]
  0x0000019a7290a950 JavaThread "C1 CompilerThread1" daemon [_thread_blocked, id=18948, stack(0x0000003791a00000,0x0000003791b00000)]
  0x0000019a7290ce80 JavaThread "C1 CompilerThread2" daemon [_thread_blocked, id=8848, stack(0x0000003791b00000,0x0000003791c00000)]
  0x0000019a72937cd0 JavaThread "C2 CompilerThread1" daemon [_thread_in_native, id=7404, stack(0x0000003791c00000,0x0000003791d00000)]
  0x0000019a72aaaa30 JavaThread "IntelliJ Suspend Helper" daemon [_thread_blocked, id=7384, stack(0x0000003791d00000,0x0000003791e00000)]
  0x0000019a7708b4f0 JavaThread "Monitor Ctrl-Break" daemon [_thread_in_native, id=2800, stack(0x0000003791e00000,0x0000003791f00000)]
  0x0000019a770660d0 JavaThread "Notification Thread" daemon [_thread_blocked, id=10744, stack(0x0000003791f00000,0x0000003792000000)]
  0x0000019a7810b6b0 JavaThread "C1 CompilerThread3" daemon [_thread_blocked, id=13116, stack(0x0000003792700000,0x0000003792800000)]
  0x0000019a785ed2c0 JavaThread "C2 CompilerThread2" daemon [_thread_in_native, id=18208, stack(0x0000003792800000,0x0000003792900000)]

Other Threads:
  0x0000019a71b5e5d0 VMThread "VM Thread" [stack: 0x0000003790f00000,0x0000003791000000] [id=7584]
  0x0000019a770984f0 WatcherThread [stack: 0x0000003792000000,0x0000003792100000] [id=18112]
  0x0000019a4ef29140 GCTaskThread "GC Thread#0" [stack: 0x0000003790a00000,0x0000003790b00000] [id=9496]
  0x0000019a77c2d330 GCTaskThread "GC Thread#1" [stack: 0x0000003792100000,0x0000003792200000] [id=19252]
  0x0000019a77b9fa70 GCTaskThread "GC Thread#2" [stack: 0x0000003792200000,0x0000003792300000] [id=11488]
  0x0000019a77c2a620 GCTaskThread "GC Thread#3" [stack: 0x0000003792300000,0x0000003792400000] [id=9528]
  0x0000019a77c2a8e0 GCTaskThread "GC Thread#4" [stack: 0x0000003792400000,0x0000003792500000] [id=3268]
  0x0000019a77b0bd50 GCTaskThread "GC Thread#5" [stack: 0x0000003792500000,0x0000003792600000] [id=4724]
  0x0000019a77cce3a0 GCTaskThread "GC Thread#6" [stack: 0x0000003792600000,0x0000003792700000] [id=15332]
  0x0000019a4ef39bc0 ConcurrentGCThread "G1 Main Marker" [stack: 0x0000003790b00000,0x0000003790c00000] [id=11268]
  0x0000019a4ef3b670 ConcurrentGCThread "G1 Conc#0" [stack: 0x0000003790c00000,0x0000003790d00000] [id=1456]
  0x0000019a4ef6daa0 ConcurrentGCThread "G1 Refine#0" [stack: 0x0000003790d00000,0x0000003790e00000] [id=7924]
  0x0000019a4ef6e3e0 ConcurrentGCThread "G1 Service" [stack: 0x0000003790e00000,0x0000003790f00000] [id=3700]

Threads with active compile tasks:
C2 CompilerThread0      804 1543       4       java.util.HashMap::put (13 bytes)
C2 CompilerThread1      804 1271       4       jdk.internal.org.objectweb.asm.Frame::execute (2305 bytes)
C2 CompilerThread2      804 1632   !   4       java.util.zip.ZipFile$Source::getEntryPos (195 bytes)

VM state: not at safepoint (normal execution)

VM Mutex/Monitor currently owned by a thread: None

Heap address: 0x0000000705400000, size: 4012 MB, Compressed Oops mode: Zero based, Oop shift amount: 3

CDS archive(s) mapped at: [0x0000019a00000000-0x0000019a00bb0000-0x0000019a00bb0000), size 12255232, SharedBaseAddress: 0x0000019a00000000, ArchiveRelocationMode: 1.
Compressed class space mapped at: 0x0000019a01000000-0x0000019a41000000, reserved size: 1073741824
Narrow klass base: 0x0000019a00000000, Narrow klass shift: 0, Narrow klass range: 0x100000000

GC Precious Log:
 CPUs: 16 total, 16 available
 Memory: 16045M
 Large Page Support: Disabled
 NUMA Support: Disabled
 Compressed Oops: Enabled (Zero based)
 Heap Region Size: 2M
 Heap Min Capacity: 8M
 Heap Initial Capacity: 252M
 Heap Max Capacity: 4012M
 Pre-touch: Disabled
 Parallel Workers: 13
 Concurrent Workers: 3
 Concurrent Refinement Workers: 13
 Periodic GC: Disabled

Heap:
 garbage-first heap   total 258048K, used 13445K [0x0000000705400000, 0x0000000800000000)
  region size 2048K, 8 young (16384K), 2 survivors (4096K)
 Metaspace       used 11973K, committed 12224K, reserved 1114112K
  class space    used 1276K, committed 1408K, reserved 1048576K

Heap Regions: E=young(eden), S=young(survivor), O=old, HS=humongous(starts), HC=humongous(continues), CS=collection set, F=free, OA=open archive, CA=closed archive, TAMS=top-at-mark-start (previous, next)
|   0|0x0000000705400000, 0x0000000705400000, 0x0000000705600000|  0%| F|  |TAMS 0x0000000705400000, 0x0000000705400000| Untracked 
|   1|0x0000000705600000, 0x0000000705600000, 0x0000000705800000|  0%| F|  |TAMS 0x0000000705600000, 0x0000000705600000| Untracked 
|   2|0x0000000705800000, 0x0000000705800000, 0x0000000705a00000|  0%| F|  |TAMS 0x0000000705800000, 0x0000000705800000| Untracked 
|   3|0x0000000705a00000, 0x0000000705a00000, 0x0000000705c00000|  0%| F|  |TAMS 0x0000000705a00000, 0x0000000705a00000| Untracked 
|   4|0x0000000705c00000, 0x0000000705c00000, 0x0000000705e00000|  0%| F|  |TAMS 0x0000000705c00000, 0x0000000705c00000| Untracked 
|   5|0x0000000705e00000, 0x0000000705e00000, 0x0000000706000000|  0%| F|  |TAMS 0x0000000705e00000, 0x0000000705e00000| Untracked 
|   6|0x0000000706000000, 0x0000000706000000, 0x0000000706200000|  0%| F|  |TAMS 0x0000000706000000, 0x0000000706000000| Untracked 
|   7|0x0000000706200000, 0x0000000706200000, 0x0000000706400000|  0%| F|  |TAMS 0x0000000706200000, 0x0000000706200000| Untracked 
|   8|0x0000000706400000, 0x0000000706400000, 0x0000000706600000|  0%| F|  |TAMS 0x0000000706400000, 0x0000000706400000| Untracked 
|   9|0x0000000706600000, 0x0000000706600000, 0x0000000706800000|  0%| F|  |TAMS 0x0000000706600000, 0x0000000706600000| Untracked 
|  10|0x0000000706800000, 0x0000000706800000, 0x0000000706a00000|  0%| F|  |TAMS 0x0000000706800000, 0x0000000706800000| Untracked 
|  11|0x0000000706a00000, 0x0000000706a00000, 0x0000000706c00000|  0%| F|  |TAMS 0x0000000706a00000, 0x0000000706a00000| Untracked 
|  12|0x0000000706c00000, 0x0000000706c00000, 0x0000000706e00000|  0%| F|  |TAMS 0x0000000706c00000, 0x0000000706c00000| Untracked 
|  13|0x0000000706e00000, 0x0000000706e00000, 0x0000000707000000|  0%| F|  |TAMS 0x0000000706e00000, 0x0000000706e00000| Untracked 
|  14|0x0000000707000000, 0x0000000707000000, 0x0000000707200000|  0%| F|  |TAMS 0x0000000707000000, 0x0000000707000000| Untracked 
|  15|0x0000000707200000, 0x0000000707200000, 0x0000000707400000|  0%| F|  |TAMS 0x0000000707200000, 0x0000000707200000| Untracked 
|  16|0x0000000707400000, 0x0000000707400000, 0x0000000707600000|  0%| F|  |TAMS 0x0000000707400000, 0x0000000707400000| Untracked 
|  17|0x0000000707600000, 0x0000000707600000, 0x0000000707800000|  0%| F|  |TAMS 0x0000000707600000, 0x0000000707600000| Untracked 
|  18|0x0000000707800000, 0x0000000707800000, 0x0000000707a00000|  0%| F|  |TAMS 0x0000000707800000, 0x0000000707800000| Untracked 
|  19|0x0000000707a00000, 0x0000000707a00000, 0x0000000707c00000|  0%| F|  |TAMS 0x0000000707a00000, 0x0000000707a00000| Untracked 
|  20|0x0000000707c00000, 0x0000000707c00000, 0x0000000707e00000|  0%| F|  |TAMS 0x0000000707c00000, 0x0000000707c00000| Untracked 
|  21|0x0000000707e00000, 0x0000000707e00000, 0x0000000708000000|  0%| F|  |TAMS 0x0000000707e00000, 0x0000000707e00000| Untracked 
|  22|0x0000000708000000, 0x0000000708000000, 0x0000000708200000|  0%| F|  |TAMS 0x0000000708000000, 0x0000000708000000| Untracked 
|  23|0x0000000708200000, 0x0000000708200000, 0x0000000708400000|  0%| F|  |TAMS 0x0000000708200000, 0x0000000708200000| Untracked 
|  24|0x0000000708400000, 0x0000000708400000, 0x0000000708600000|  0%| F|  |TAMS 0x0000000708400000, 0x0000000708400000| Untracked 
|  25|0x0000000708600000, 0x0000000708600000, 0x0000000708800000|  0%| F|  |TAMS 0x0000000708600000, 0x0000000708600000| Untracked 
|  26|0x0000000708800000, 0x0000000708800000, 0x0000000708a00000|  0%| F|  |TAMS 0x0000000708800000, 0x0000000708800000| Untracked 
|  27|0x0000000708a00000, 0x0000000708a00000, 0x0000000708c00000|  0%| F|  |TAMS 0x0000000708a00000, 0x0000000708a00000| Untracked 
|  28|0x0000000708c00000, 0x0000000708c00000, 0x0000000708e00000|  0%| F|  |TAMS 0x0000000708c00000, 0x0000000708c00000| Untracked 
|  29|0x0000000708e00000, 0x0000000708e00000, 0x0000000709000000|  0%| F|  |TAMS 0x0000000708e00000, 0x0000000708e00000| Untracked 
|  30|0x0000000709000000, 0x0000000709000000, 0x0000000709200000|  0%| F|  |TAMS 0x0000000709000000, 0x0000000709000000| Untracked 
|  31|0x0000000709200000, 0x0000000709200000, 0x0000000709400000|  0%| F|  |TAMS 0x0000000709200000, 0x0000000709200000| Untracked 
|  32|0x0000000709400000, 0x0000000709400000, 0x0000000709600000|  0%| F|  |TAMS 0x0000000709400000, 0x0000000709400000| Untracked 
|  33|0x0000000709600000, 0x0000000709600000, 0x0000000709800000|  0%| F|  |TAMS 0x0000000709600000, 0x0000000709600000| Untracked 
|  34|0x0000000709800000, 0x0000000709800000, 0x0000000709a00000|  0%| F|  |TAMS 0x0000000709800000, 0x0000000709800000| Untracked 
|  35|0x0000000709a00000, 0x0000000709a00000, 0x0000000709c00000|  0%| F|  |TAMS 0x0000000709a00000, 0x0000000709a00000| Untracked 
|  36|0x0000000709c00000, 0x0000000709c00000, 0x0000000709e00000|  0%| F|  |TAMS 0x0000000709c00000, 0x0000000709c00000| Untracked 
|  37|0x0000000709e00000, 0x0000000709e00000, 0x000000070a000000|  0%| F|  |TAMS 0x0000000709e00000, 0x0000000709e00000| Untracked 
|  38|0x000000070a000000, 0x000000070a000000, 0x000000070a200000|  0%| F|  |TAMS 0x000000070a000000, 0x000000070a000000| Untracked 
|  39|0x000000070a200000, 0x000000070a200000, 0x000000070a400000|  0%| F|  |TAMS 0x000000070a200000, 0x000000070a200000| Untracked 
|  40|0x000000070a400000, 0x000000070a400000, 0x000000070a600000|  0%| F|  |TAMS 0x000000070a400000, 0x000000070a400000| Untracked 
|  41|0x000000070a600000, 0x000000070a600000, 0x000000070a800000|  0%| F|  |TAMS 0x000000070a600000, 0x000000070a600000| Untracked 
|  42|0x000000070a800000, 0x000000070a800000, 0x000000070aa00000|  0%| F|  |TAMS 0x000000070a800000, 0x000000070a800000| Untracked 
|  43|0x000000070aa00000, 0x000000070aa00000, 0x000000070ac00000|  0%| F|  |TAMS 0x000000070aa00000, 0x000000070aa00000| Untracked 
|  44|0x000000070ac00000, 0x000000070ac00000, 0x000000070ae00000|  0%| F|  |TAMS 0x000000070ac00000, 0x000000070ac00000| Untracked 
|  45|0x000000070ae00000, 0x000000070ae00000, 0x000000070b000000|  0%| F|  |TAMS 0x000000070ae00000, 0x000000070ae00000| Untracked 
|  46|0x000000070b000000, 0x000000070b000000, 0x000000070b200000|  0%| F|  |TAMS 0x000000070b000000, 0x000000070b000000| Untracked 
|  47|0x000000070b200000, 0x000000070b200000, 0x000000070b400000|  0%| F|  |TAMS 0x000000070b200000, 0x000000070b200000| Untracked 
|  48|0x000000070b400000, 0x000000070b400000, 0x000000070b600000|  0%| F|  |TAMS 0x000000070b400000, 0x000000070b400000| Untracked 
|  49|0x000000070b600000, 0x000000070b600000, 0x000000070b800000|  0%| F|  |TAMS 0x000000070b600000, 0x000000070b600000| Untracked 
|  50|0x000000070b800000, 0x000000070b800000, 0x000000070ba00000|  0%| F|  |TAMS 0x000000070b800000, 0x000000070b800000| Untracked 
|  51|0x000000070ba00000, 0x000000070ba00000, 0x000000070bc00000|  0%| F|  |TAMS 0x000000070ba00000, 0x000000070ba00000| Untracked 
|  52|0x000000070bc00000, 0x000000070bc00000, 0x000000070be00000|  0%| F|  |TAMS 0x000000070bc00000, 0x000000070bc00000| Untracked 
|  53|0x000000070be00000, 0x000000070be00000, 0x000000070c000000|  0%| F|  |TAMS 0x000000070be00000, 0x000000070be00000| Untracked 
|  54|0x000000070c000000, 0x000000070c000000, 0x000000070c200000|  0%| F|  |TAMS 0x000000070c000000, 0x000000070c000000| Untracked 
|  55|0x000000070c200000, 0x000000070c200000, 0x000000070c400000|  0%| F|  |TAMS 0x000000070c200000, 0x000000070c200000| Untracked 
|  56|0x000000070c400000, 0x000000070c400000, 0x000000070c600000|  0%| F|  |TAMS 0x000000070c400000, 0x000000070c400000| Untracked 
|  57|0x000000070c600000, 0x000000070c600000, 0x000000070c800000|  0%| F|  |TAMS 0x000000070c600000, 0x000000070c600000| Untracked 
|  58|0x000000070c800000, 0x000000070c800000, 0x000000070ca00000|  0%| F|  |TAMS 0x000000070c800000, 0x000000070c800000| Untracked 
|  59|0x000000070ca00000, 0x000000070ca00000, 0x000000070cc00000|  0%| F|  |TAMS 0x000000070ca00000, 0x000000070ca00000| Untracked 
|  60|0x000000070cc00000, 0x000000070cc00000, 0x000000070ce00000|  0%| F|  |TAMS 0x000000070cc00000, 0x000000070cc00000| Untracked 
|  61|0x000000070ce00000, 0x000000070ce00000, 0x000000070d000000|  0%| F|  |TAMS 0x000000070ce00000, 0x000000070ce00000| Untracked 
|  62|0x000000070d000000, 0x000000070d000000, 0x000000070d200000|  0%| F|  |TAMS 0x000000070d000000, 0x000000070d000000| Untracked 
|  63|0x000000070d200000, 0x000000070d200000, 0x000000070d400000|  0%| F|  |TAMS 0x000000070d200000, 0x000000070d200000| Untracked 
|  64|0x000000070d400000, 0x000000070d400000, 0x000000070d600000|  0%| F|  |TAMS 0x000000070d400000, 0x000000070d400000| Untracked 
|  65|0x000000070d600000, 0x000000070d600000, 0x000000070d800000|  0%| F|  |TAMS 0x000000070d600000, 0x000000070d600000| Untracked 
|  66|0x000000070d800000, 0x000000070d800000, 0x000000070da00000|  0%| F|  |TAMS 0x000000070d800000, 0x000000070d800000| Untracked 
|  67|0x000000070da00000, 0x000000070da00000, 0x000000070dc00000|  0%| F|  |TAMS 0x000000070da00000, 0x000000070da00000| Untracked 
|  68|0x000000070dc00000, 0x000000070dc00000, 0x000000070de00000|  0%| F|  |TAMS 0x000000070dc00000, 0x000000070dc00000| Untracked 
|  69|0x000000070de00000, 0x000000070de00000, 0x000000070e000000|  0%| F|  |TAMS 0x000000070de00000, 0x000000070de00000| Untracked 
|  70|0x000000070e000000, 0x000000070e000000, 0x000000070e200000|  0%| F|  |TAMS 0x000000070e000000, 0x000000070e000000| Untracked 
|  71|0x000000070e200000, 0x000000070e200000, 0x000000070e400000|  0%| F|  |TAMS 0x000000070e200000, 0x000000070e200000| Untracked 
|  72|0x000000070e400000, 0x000000070e400000, 0x000000070e600000|  0%| F|  |TAMS 0x000000070e400000, 0x000000070e400000| Untracked 
|  73|0x000000070e600000, 0x000000070e600000, 0x000000070e800000|  0%| F|  |TAMS 0x000000070e600000, 0x000000070e600000| Untracked 
|  74|0x000000070e800000, 0x000000070e800000, 0x000000070ea00000|  0%| F|  |TAMS 0x000000070e800000, 0x000000070e800000| Untracked 
|  75|0x000000070ea00000, 0x000000070ea00000, 0x000000070ec00000|  0%| F|  |TAMS 0x000000070ea00000, 0x000000070ea00000| Untracked 
|  76|0x000000070ec00000, 0x000000070ec00000, 0x000000070ee00000|  0%| F|  |TAMS 0x000000070ec00000, 0x000000070ec00000| Untracked 
|  77|0x000000070ee00000, 0x000000070ee00000, 0x000000070f000000|  0%| F|  |TAMS 0x000000070ee00000, 0x000000070ee00000| Untracked 
|  78|0x000000070f000000, 0x000000070f000000, 0x000000070f200000|  0%| F|  |TAMS 0x000000070f000000, 0x000000070f000000| Untracked 
|  79|0x000000070f200000, 0x000000070f200000, 0x000000070f400000|  0%| F|  |TAMS 0x000000070f200000, 0x000000070f200000| Untracked 
|  80|0x000000070f400000, 0x000000070f400000, 0x000000070f600000|  0%| F|  |TAMS 0x000000070f400000, 0x000000070f400000| Untracked 
|  81|0x000000070f600000, 0x000000070f600000, 0x000000070f800000|  0%| F|  |TAMS 0x000000070f600000, 0x000000070f600000| Untracked 
|  82|0x000000070f800000, 0x000000070f800000, 0x000000070fa00000|  0%| F|  |TAMS 0x000000070f800000, 0x000000070f800000| Untracked 
|  83|0x000000070fa00000, 0x000000070fa00000, 0x000000070fc00000|  0%| F|  |TAMS 0x000000070fa00000, 0x000000070fa00000| Untracked 
|  84|0x000000070fc00000, 0x000000070fc00000, 0x000000070fe00000|  0%| F|  |TAMS 0x000000070fc00000, 0x000000070fc00000| Untracked 
|  85|0x000000070fe00000, 0x000000070fe00000, 0x0000000710000000|  0%| F|  |TAMS 0x000000070fe00000, 0x000000070fe00000| Untracked 
|  86|0x0000000710000000, 0x0000000710000000, 0x0000000710200000|  0%| F|  |TAMS 0x0000000710000000, 0x0000000710000000| Untracked 
|  87|0x0000000710200000, 0x0000000710200000, 0x0000000710400000|  0%| F|  |TAMS 0x0000000710200000, 0x0000000710200000| Untracked 
|  88|0x0000000710400000, 0x0000000710400000, 0x0000000710600000|  0%| F|  |TAMS 0x0000000710400000, 0x0000000710400000| Untracked 
|  89|0x0000000710600000, 0x0000000710600000, 0x0000000710800000|  0%| F|  |TAMS 0x0000000710600000, 0x0000000710600000| Untracked 
|  90|0x0000000710800000, 0x0000000710800000, 0x0000000710a00000|  0%| F|  |TAMS 0x0000000710800000, 0x0000000710800000| Untracked 
|  91|0x0000000710a00000, 0x0000000710a00000, 0x0000000710c00000|  0%| F|  |TAMS 0x0000000710a00000, 0x0000000710a00000| Untracked 
|  92|0x0000000710c00000, 0x0000000710c00000, 0x0000000710e00000|  0%| F|  |TAMS 0x0000000710c00000, 0x0000000710c00000| Untracked 
|  93|0x0000000710e00000, 0x0000000710e00000, 0x0000000711000000|  0%| F|  |TAMS 0x0000000710e00000, 0x0000000710e00000| Untracked 
|  94|0x0000000711000000, 0x0000000711000000, 0x0000000711200000|  0%| F|  |TAMS 0x0000000711000000, 0x0000000711000000| Untracked 
|  95|0x0000000711200000, 0x0000000711200000, 0x0000000711400000|  0%| F|  |TAMS 0x0000000711200000, 0x0000000711200000| Untracked 
|  96|0x0000000711400000, 0x0000000711400000, 0x0000000711600000|  0%| F|  |TAMS 0x0000000711400000, 0x0000000711400000| Untracked 
|  97|0x0000000711600000, 0x0000000711600000, 0x0000000711800000|  0%| F|  |TAMS 0x0000000711600000, 0x0000000711600000| Untracked 
|  98|0x0000000711800000, 0x0000000711800000, 0x0000000711a00000|  0%| F|  |TAMS 0x0000000711800000, 0x0000000711800000| Untracked 
|  99|0x0000000711a00000, 0x0000000711a00000, 0x0000000711c00000|  0%| F|  |TAMS 0x0000000711a00000, 0x0000000711a00000| Untracked 
| 100|0x0000000711c00000, 0x0000000711c00000, 0x0000000711e00000|  0%| F|  |TAMS 0x0000000711c00000, 0x0000000711c00000| Untracked 
| 101|0x0000000711e00000, 0x0000000711e00000, 0x0000000712000000|  0%| F|  |TAMS 0x0000000711e00000, 0x0000000711e00000| Untracked 
| 102|0x0000000712000000, 0x0000000712000000, 0x0000000712200000|  0%| F|  |TAMS 0x0000000712000000, 0x0000000712000000| Untracked 
| 103|0x0000000712200000, 0x0000000712200000, 0x0000000712400000|  0%| F|  |TAMS 0x0000000712200000, 0x0000000712200000| Untracked 
| 104|0x0000000712400000, 0x0000000712400000, 0x0000000712600000|  0%| F|  |TAMS 0x0000000712400000, 0x0000000712400000| Untracked 
| 105|0x0000000712600000, 0x0000000712600000, 0x0000000712800000|  0%| F|  |TAMS 0x0000000712600000, 0x0000000712600000| Untracked 
| 106|0x0000000712800000, 0x0000000712800000, 0x0000000712a00000|  0%| F|  |TAMS 0x0000000712800000, 0x0000000712800000| Untracked 
| 107|0x0000000712a00000, 0x0000000712a00000, 0x0000000712c00000|  0%| F|  |TAMS 0x0000000712a00000, 0x0000000712a00000| Untracked 
| 108|0x0000000712c00000, 0x0000000712c00000, 0x0000000712e00000|  0%| F|  |TAMS 0x0000000712c00000, 0x0000000712c00000| Untracked 
| 109|0x0000000712e00000, 0x0000000712e00000, 0x0000000713000000|  0%| F|  |TAMS 0x0000000712e00000, 0x0000000712e00000| Untracked 
| 110|0x0000000713000000, 0x0000000713000000, 0x0000000713200000|  0%| F|  |TAMS 0x0000000713000000, 0x0000000713000000| Untracked 
| 111|0x0000000713200000, 0x0000000713200000, 0x0000000713400000|  0%| F|  |TAMS 0x0000000713200000, 0x0000000713200000| Untracked 
| 112|0x0000000713400000, 0x0000000713400000, 0x0000000713600000|  0%| F|  |TAMS 0x0000000713400000, 0x0000000713400000| Untracked 
| 113|0x0000000713600000, 0x00000007137214c8, 0x0000000713800000| 56%| S|CS|TAMS 0x0000000713600000, 0x0000000713600000| Complete 
| 114|0x0000000713800000, 0x0000000713a00000, 0x0000000713a00000|100%| S|CS|TAMS 0x0000000713800000, 0x0000000713800000| Complete 
| 115|0x0000000713a00000, 0x0000000713a00000, 0x0000000713c00000|  0%| F|  |TAMS 0x0000000713a00000, 0x0000000713a00000| Untracked 
| 116|0x0000000713c00000, 0x0000000713c00000, 0x0000000713e00000|  0%| F|  |TAMS 0x0000000713c00000, 0x0000000713c00000| Untracked 
| 117|0x0000000713e00000, 0x0000000713e00000, 0x0000000714000000|  0%| F|  |TAMS 0x0000000713e00000, 0x0000000713e00000| Untracked 
| 118|0x0000000714000000, 0x0000000714000000, 0x0000000714200000|  0%| F|  |TAMS 0x0000000714000000, 0x0000000714000000| Untracked 
| 119|0x0000000714200000, 0x0000000714200000, 0x0000000714400000|  0%| F|  |TAMS 0x0000000714200000, 0x0000000714200000| Untracked 
| 120|0x0000000714400000, 0x00000007144c7380, 0x0000000714600000| 38%| E|  |TAMS 0x0000000714400000, 0x0000000714400000| Complete 
| 121|0x0000000714600000, 0x0000000714800000, 0x0000000714800000|100%| E|CS|TAMS 0x0000000714600000, 0x0000000714600000| Complete 
| 122|0x0000000714800000, 0x0000000714a00000, 0x0000000714a00000|100%| E|CS|TAMS 0x0000000714800000, 0x0000000714800000| Complete 
| 123|0x0000000714a00000, 0x0000000714c00000, 0x0000000714c00000|100%| E|CS|TAMS 0x0000000714a00000, 0x0000000714a00000| Complete 
| 124|0x0000000714c00000, 0x0000000714e00000, 0x0000000714e00000|100%| E|CS|TAMS 0x0000000714c00000, 0x0000000714c00000| Complete 
| 125|0x0000000714e00000, 0x0000000715000000, 0x0000000715000000|100%| E|CS|TAMS 0x0000000714e00000, 0x0000000714e00000| Complete 

Card table byte_map: [0x0000019a66a80000,0x0000019a67260000] _byte_map_base: 0x0000019a63256000

Marking Bits (Prev, Next): (CMBitMap*) 0x0000019a4ef29670, (CMBitMap*) 0x0000019a4ef296b0
 Prev Bits: [0x0000019a67a40000, 0x0000019a6b8f0000)
 Next Bits: [0x0000019a6b8f0000, 0x0000019a6f7a0000)

Polling page: 0x0000019a4ccb0000

Metaspace:

Usage:
  Non-class:     10.46 MB used.
      Class:      1.25 MB used.
       Both:     11.72 MB used.

Virtual space:
  Non-class space:       64.00 MB reserved,      10.56 MB ( 17%) committed,  1 nodes.
      Class space:        1.00 GB reserved,       1.38 MB ( <1%) committed,  1 nodes.
             Both:        1.06 GB reserved,      11.94 MB (  1%) committed. 

Chunk freelists:
   Non-Class:  4.50 MB
       Class:  14.47 MB
        Both:  18.97 MB

MaxMetaspaceSize: unlimited
CompressedClassSpaceSize: 1.00 GB
Initial GC threshold: 21.00 MB
Current GC threshold: 21.00 MB
CDS: on
MetaspaceReclaimPolicy: balanced
 - commit_granule_bytes: 65536.
 - commit_granule_words: 8192.
 - virtual_space_node_default_size: 8388608.
 - enlarge_chunks_in_place: 1.
 - new_chunks_are_fully_committed: 0.
 - uncommit_free_chunks: 1.
 - use_allocation_guard: 0.
 - handle_deallocations: 1.


Internal statistics:

num_allocs_failed_limit: 0.
num_arena_births: 242.
num_arena_deaths: 0.
num_vsnodes_births: 2.
num_vsnodes_deaths: 0.
num_space_committed: 191.
num_space_uncommitted: 0.
num_chunks_returned_to_freelist: 0.
num_chunks_taken_from_freelist: 448.
num_chunk_merges: 0.
num_chunk_splits: 279.
num_chunks_enlarged: 180.
num_inconsistent_stats: 0.

CodeHeap 'non-profiled nmethods': size=119168Kb used=468Kb max_used=468Kb free=118699Kb
 bounds [0x0000019a5e5b0000, 0x0000019a5e820000, 0x0000019a65a10000]
CodeHeap 'profiled nmethods': size=119104Kb used=3146Kb max_used=3146Kb free=115957Kb
 bounds [0x0000019a56a10000, 0x0000019a56d30000, 0x0000019a5de60000]
CodeHeap 'non-nmethods': size=7488Kb used=2866Kb max_used=2883Kb free=4621Kb
 bounds [0x0000019a5de60000, 0x0000019a5e140000, 0x0000019a5e5b0000]
 total_blobs=2104 nmethods=1629 adapters=384
 compilation: enabled
              stopped_count=0, restarted_count=0
 full_count=0

Compilation events (20 events):
Event: 0.754 Thread 0x0000019a7290ce80 nmethod 1544 0x0000019a56ce3a90 code [0x0000019a56ce3c40, 0x0000019a56ce3de8]
Event: 0.755 Thread 0x0000019a7290a950 nmethod 1541 0x0000019a56ce3e90 code [0x0000019a56ce4140, 0x0000019a56ce4e48]
Event: 0.755 Thread 0x0000019a71b814c0 nmethod 1545 0x0000019a56ce5310 code [0x0000019a56ce5500, 0x0000019a56ce5878]
Event: 0.755 Thread 0x0000019a7810b6b0 nmethod 1542 0x0000019a56ce5a10 code [0x0000019a56ce5d80, 0x0000019a56ce7338]
Event: 0.757 Thread 0x0000019a7810b6b0 1546       1       sun.util.locale.StringTokenIterator::isDone (5 bytes)
Event: 0.757 Thread 0x0000019a7810b6b0 nmethod 1546 0x0000019a5e621690 code [0x0000019a5e621820, 0x0000019a5e6218f8]
Event: 0.757 Thread 0x0000019a7810b6b0 1547       3       sun.util.locale.LocaleUtils::toLower (17 bytes)
Event: 0.757 Thread 0x0000019a7290a950 1548       1       java.util.Collections$EmptyList::isEmpty (2 bytes)
Event: 0.757 Thread 0x0000019a7290a950 nmethod 1548 0x0000019a5e621990 code [0x0000019a5e621b20, 0x0000019a5e621bf8]
Event: 0.757 Thread 0x0000019a7810b6b0 nmethod 1547 0x0000019a56ce7b10 code [0x0000019a56ce7cc0, 0x0000019a56ce7ed8]
Event: 0.757 Thread 0x0000019a7290a950 1549       1       sun.util.locale.BaseLocale::getVariant (5 bytes)
Event: 0.757 Thread 0x0000019a7810b6b0 1550       1       sun.util.locale.BaseLocale::getRegion (5 bytes)
Event: 0.757 Thread 0x0000019a7290a950 nmethod 1549 0x0000019a5e621c90 code [0x0000019a5e621e20, 0x0000019a5e621ef8]
Event: 0.757 Thread 0x0000019a7290a950 1551       3       java.util.Collections::emptyList (4 bytes)
Event: 0.757 Thread 0x0000019a7810b6b0 nmethod 1550 0x0000019a5e621f90 code [0x0000019a5e622120, 0x0000019a5e6221f8]
Event: 0.757 Thread 0x0000019a7290a950 nmethod 1551 0x0000019a56ce7f90 code [0x0000019a56ce8120, 0x0000019a56ce8218]
Event: 0.757 Thread 0x0000019a7290a950 1552       1       sun.util.locale.StringTokenIterator::current (5 bytes)
Event: 0.757 Thread 0x0000019a7290ce80 1553       1       sun.util.locale.BaseLocale::getScript (5 bytes)
Event: 0.757 Thread 0x0000019a7290a950 nmethod 1552 0x0000019a5e622290 code [0x0000019a5e622420, 0x0000019a5e6224f8]
Event: 0.758 Thread 0x0000019a7290ce80 nmethod 1553 0x0000019a5e622590 code [0x0000019a5e622720, 0x0000019a5e6227f8]

GC Heap History (2 events):
Event: 0.610 GC heap before
{Heap before GC invocations=0 (full 0):
 garbage-first heap   total 258048K, used 22528K [0x0000000705400000, 0x0000000800000000)
  region size 2048K, 11 young (22528K), 0 survivors (0K)
 Metaspace       used 9608K, committed 9856K, reserved 1114112K
  class space    used 988K, committed 1088K, reserved 1048576K
}
Event: 0.614 GC heap after
{Heap after GC invocations=1 (full 0):
 garbage-first heap   total 258048K, used 3205K [0x0000000705400000, 0x0000000800000000)
  region size 2048K, 2 young (4096K), 2 survivors (4096K)
 Metaspace       used 9608K, committed 9856K, reserved 1114112K
  class space    used 988K, committed 1088K, reserved 1048576K
}

Dll operation events (9 events):
Event: 0.009 Loaded shared library C:\Users\User1\.jdks\ms-17.0.16\bin\java.dll
Event: 0.011 Loaded shared library C:\Users\User1\.jdks\ms-17.0.16\bin\zip.dll
Event: 0.029 Loaded shared library C:\Users\User1\.jdks\ms-17.0.16\bin\jsvml.dll
Event: 0.088 Loaded shared library C:\Users\User1\.jdks\ms-17.0.16\bin\instrument.dll
Event: 0.127 Loaded shared library C:\Users\User1\.jdks\ms-17.0.16\bin\net.dll
Event: 0.129 Loaded shared library C:\Users\User1\.jdks\ms-17.0.16\bin\nio.dll
Event: 0.135 Loaded shared library C:\Users\User1\.jdks\ms-17.0.16\bin\zip.dll
Event: 0.151 Loaded shared library C:\Users\User1\.jdks\ms-17.0.16\bin\extnet.dll
Event: 0.198 Loaded shared library C:\Users\User1\.jdks\ms-17.0.16\bin\jimage.dll

Deoptimization events (20 events):
Event: 0.465 Thread 0x0000019a4eeb93e0 DEOPT PACKING pc=0x0000019a56b52abb sp=0x00000037909fdcc0
Event: 0.465 Thread 0x0000019a4eeb93e0 DEOPT UNPACKING pc=0x0000019a5deb7143 sp=0x00000037909fd110 mode 0
Event: 0.473 Thread 0x0000019a4eeb93e0 DEOPT PACKING pc=0x0000019a56b52abb sp=0x00000037909fddc0
Event: 0.473 Thread 0x0000019a4eeb93e0 DEOPT UNPACKING pc=0x0000019a5deb7143 sp=0x00000037909fd210 mode 0
Event: 0.478 Thread 0x0000019a4eeb93e0 DEOPT PACKING pc=0x0000019a56b52abb sp=0x00000037909fa290
Event: 0.478 Thread 0x0000019a4eeb93e0 DEOPT UNPACKING pc=0x0000019a5deb7143 sp=0x00000037909f96e0 mode 0
Event: 0.482 Thread 0x0000019a4eeb93e0 DEOPT PACKING pc=0x0000019a56a84572 sp=0x00000037909fdc90
Event: 0.482 Thread 0x0000019a4eeb93e0 DEOPT UNPACKING pc=0x0000019a5deb7143 sp=0x00000037909fd100 mode 0
Event: 0.485 Thread 0x0000019a4eeb93e0 DEOPT PACKING pc=0x0000019a56b52abb sp=0x00000037909fa3d0
Event: 0.485 Thread 0x0000019a4eeb93e0 DEOPT UNPACKING pc=0x0000019a5deb7143 sp=0x00000037909f9820 mode 0
Event: 0.516 Thread 0x0000019a4eeb93e0 Uncommon trap: trap_request=0xffffff45 fr.pc=0x0000019a5e5ded10 relative=0x00000000000002d0
Event: 0.516 Thread 0x0000019a4eeb93e0 Uncommon trap: reason=unstable_if action=reinterpret pc=0x0000019a5e5ded10 method=java.util.HashMap.getNode(Ljava/lang/Object;)Ljava/util/HashMap$Node; @ 66 c2
Event: 0.516 Thread 0x0000019a4eeb93e0 DEOPT PACKING pc=0x0000019a5e5ded10 sp=0x00000037909fe3b0
Event: 0.516 Thread 0x0000019a4eeb93e0 DEOPT UNPACKING pc=0x0000019a5deb69a3 sp=0x00000037909fe330 mode 2
Event: 0.604 Thread 0x0000019a4eeb93e0 Uncommon trap: trap_request=0xffffff45 fr.pc=0x0000019a5e5fa480 relative=0x00000000000002c0
Event: 0.604 Thread 0x0000019a4eeb93e0 Uncommon trap: reason=unstable_if action=reinterpret pc=0x0000019a5e5fa480 method=java.lang.invoke.VarHandle.checkExactAccessMode(Ljava/lang/invoke/VarHandle$AccessDescriptor;)V @ 4 c2
Event: 0.604 Thread 0x0000019a4eeb93e0 DEOPT PACKING pc=0x0000019a5e5fa480 sp=0x00000037909fe170
Event: 0.604 Thread 0x0000019a4eeb93e0 DEOPT UNPACKING pc=0x0000019a5deb69a3 sp=0x00000037909fe0e0 mode 2
Event: 0.723 Thread 0x0000019a4eeb93e0 DEOPT PACKING pc=0x0000019a56a734ac sp=0x00000037909f8e50
Event: 0.723 Thread 0x0000019a4eeb93e0 DEOPT UNPACKING pc=0x0000019a5deb7143 sp=0x00000037909f8310 mode 0

Classes loaded (20 events):
Event: 0.756 Loading class java/text/spi/DecimalFormatSymbolsProvider
Event: 0.756 Loading class java/text/spi/DecimalFormatSymbolsProvider done
Event: 0.756 Loading class java/text/spi/NumberFormatProvider
Event: 0.756 Loading class java/text/spi/NumberFormatProvider done
Event: 0.756 Loading class java/util/spi/CurrencyNameProvider
Event: 0.756 Loading class java/util/spi/CurrencyNameProvider done
Event: 0.756 Loading class java/util/spi/LocaleNameProvider
Event: 0.756 Loading class java/util/spi/LocaleNameProvider done
Event: 0.756 Loading class java/util/spi/TimeZoneNameProvider
Event: 0.756 Loading class java/util/spi/TimeZoneNameProvider done
Event: 0.756 Loading class sun/util/locale/provider/CalendarDataUtility$CalendarWeekParameterGetter
Event: 0.756 Loading class sun/util/locale/provider/CalendarDataUtility$CalendarWeekParameterGetter done
Event: 0.756 Loading class java/util/ResourceBundle$SingleFormatControl
Event: 0.756 Loading class java/util/ResourceBundle$SingleFormatControl done
Event: 0.756 Loading class java/util/ResourceBundle$NoFallbackControl
Event: 0.756 Loading class java/util/ResourceBundle$NoFallbackControl done
Event: 0.756 Loading class sun/util/locale/provider/CalendarDataProviderImpl
Event: 0.756 Loading class sun/util/locale/provider/CalendarDataProviderImpl done
Event: 0.756 Loading class sun/util/cldr/CLDRCalendarDataProviderImpl
Event: 0.757 Loading class sun/util/cldr/CLDRCalendarDataProviderImpl done

Classes unloaded (0 events):
No events

Classes redefined (1 events):
Event: 0.112 Thread 0x0000019a71b5e5d0 redefined class name=java.lang.Throwable, count=1

Internal exceptions (20 events):
Event: 0.530 Thread 0x0000019a4eeb93e0 Exception <a 'java/lang/NoSuchMethodError'{0x0000000713cb1388}: 'java.lang.Object java.lang.invoke.DirectMethodHandle$Holder.invokeInterface(java.lang.Object, java.lang.Object)'> (0x0000000713cb1388) 
thrown [s\src\hotspot\share\interpreter\linkResolver.cpp, line 759]
Event: 0.530 Thread 0x0000019a4eeb93e0 Exception <a 'java/lang/IncompatibleClassChangeError'{0x0000000713cb4ba0}: Found class java.lang.Object, but interface was expected> (0x0000000713cb4ba0) 
thrown [s\src\hotspot\share\interpreter\linkResolver.cpp, line 826]
Event: 0.535 Thread 0x0000019a4eeb93e0 Exception <a 'java/lang/NoSuchMethodError'{0x0000000713ccca70}: 'java.lang.Object java.lang.invoke.DirectMethodHandle$Holder.invokeSpecial(java.lang.Object, java.lang.Object, java.lang.Object, java.lang.Object, java.lang.Object, java.lang.Object, java.lang.Object, java.lang.Object, java.lang.Object, java.lang.Object)'> (0x0000000713ccca70) 
thrown [s\src\hotspot\share\interpreter\linkResolver.cpp, line 759]
Event: 0.535 Thread 0x0000019a4eeb93e0 Exception <a 'java/lang/NoSuchMethodError'{0x0000000713cd7798}: 'java.lang.Object java.lang.invoke.DirectMethodHandle$Holder.newInvokeSpecial(java.lang.Object, java.lang.Object, java.lang.Object, java.lang.Object, java.lang.Object, java.lang.Object, java.lang.Object, java.lang.Object, java.lang.Object)'> (0x0000000713cd7798) 
thrown [s\src\hotspot\share\interpreter\linkResolver.cpp, line 759]
Event: 0.536 Thread 0x0000019a4eeb93e0 Exception <a 'java/lang/NoSuchMethodError'{0x0000000713cdcb08}: 'java.lang.Object java.lang.invoke.Invokers$Holder.linkToTargetMethod(java.lang.Object, java.lang.Object, java.lang.Object, java.lang.Object, java.lang.Object, java.lang.Object, java.lang.Object, java.lang.Object, java.lang.Object)'> (0x0000000713cdcb08) 
thrown [s\src\hotspot\share\interpreter\linkResolver.cpp, line 759]
Event: 0.543 Thread 0x0000019a4eeb93e0 Exception <a 'java/lang/NoSuchMethodError'{0x0000000713d297c8}: 'java.lang.Object java.lang.invoke.DirectMethodHandle$Holder.newInvokeSpecial(java.lang.Object, java.lang.Object, java.lang.Object, java.lang.Object, java.lang.Object, java.lang.Object, java.lang.Object)'> (0x0000000713d297c8) 
thrown [s\src\hotspot\share\interpreter\linkResolver.cpp, line 759]
Event: 0.543 Thread 0x0000019a4eeb93e0 Exception <a 'java/lang/NoSuchMethodError'{0x0000000713d2e450}: 'java.lang.Object java.lang.invoke.Invokers$Holder.linkToTargetMethod(java.lang.Object, java.lang.Object, java.lang.Object, java.lang.Object, java.lang.Object, java.lang.Object, java.lang.Object)'> (0x0000000713d2e450) 
thrown [s\src\hotspot\share\interpreter\linkResolver.cpp, line 759]
Event: 0.548 Thread 0x0000019a4eeb93e0 Exception <a 'java/lang/NoSuchMethodError'{0x0000000713d74128}: 'java.lang.Object java.lang.invoke.DirectMethodHandle$Holder.invokeStatic(java.lang.Object, int, java.lang.Object, java.lang.Object)'> (0x0000000713d74128) 
thrown [s\src\hotspot\share\interpreter\linkResolver.cpp, line 759]
Event: 0.548 Thread 0x0000019a4eeb93e0 Exception <a 'java/lang/NoSuchMethodError'{0x0000000713d7b288}: 'java.lang.Object java.lang.invoke.DirectMethodHandle$Holder.newInvokeSpecial(java.lang.Object, int, java.lang.Object)'> (0x0000000713d7b288) 
thrown [s\src\hotspot\share\interpreter\linkResolver.cpp, line 759]
Event: 0.555 Thread 0x0000019a4eeb93e0 Exception <a 'java/lang/NoSuchMethodError'{0x0000000713db8ab0}: 'java.lang.Object java.lang.invoke.DirectMethodHandle$Holder.newInvokeSpecial(java.lang.Object, java.lang.Object, java.lang.Object, java.lang.Object, java.lang.Object)'> (0x0000000713db8ab0) 
thrown [s\src\hotspot\share\interpreter\linkResolver.cpp, line 759]
Event: 0.572 Thread 0x0000019a4eeb93e0 Exception <a 'java/lang/IncompatibleClassChangeError'{0x0000000713a4edf0}: Found class java.lang.Object, but interface was expected> (0x0000000713a4edf0) 
thrown [s\src\hotspot\share\interpreter\linkResolver.cpp, line 826]
Event: 0.585 Thread 0x0000019a4eeb93e0 Exception <a 'java/lang/NoSuchMethodError'{0x0000000713af1160}: 'java.lang.Object java.lang.invoke.Invokers$Holder.linkToTargetMethod(java.lang.Object, long, java.lang.Object)'> (0x0000000713af1160) 
thrown [s\src\hotspot\share\interpreter\linkResolver.cpp, line 759]
Event: 0.587 Thread 0x0000019a4eeb93e0 Exception <a 'java/lang/NoSuchMethodError'{0x0000000713afe748}: 'java.lang.Object java.lang.invoke.DirectMethodHandle$Holder.newInvokeSpecial(java.lang.Object, java.lang.Object, int, java.lang.Object, java.lang.Object)'> (0x0000000713afe748) 
thrown [s\src\hotspot\share\interpreter\linkResolver.cpp, line 759]
Event: 0.597 Thread 0x0000019a4eeb93e0 Exception <a 'java/lang/NoSuchMethodError'{0x0000000713b5db10}: 'java.lang.Object java.lang.invoke.DirectMethodHandle$Holder.invokeStatic(java.lang.Object, java.lang.Object, java.lang.Object, int, java.lang.Object, java.lang.Object)'> (0x0000000713b5db10) 
thrown [s\src\hotspot\share\interpreter\linkResolver.cpp, line 759]
Event: 0.598 Thread 0x0000019a4eeb93e0 Exception <a 'java/lang/NoSuchMethodError'{0x0000000713b66070}: 'java.lang.Object java.lang.invoke.DirectMethodHandle$Holder.newInvokeSpecial(java.lang.Object, java.lang.Object, java.lang.Object, int, java.lang.Object)'> (0x0000000713b66070) 
thrown [s\src\hotspot\share\interpreter\linkResolver.cpp, line 759]
Event: 0.599 Thread 0x0000019a4eeb93e0 Exception <a 'java/lang/NoSuchMethodError'{0x0000000713b6da60}: 'java.lang.Object java.lang.invoke.Invokers$Holder.linkToTargetMethod(java.lang.Object, java.lang.Object, int, java.lang.Object, java.lang.Object)'> (0x0000000713b6da60) 
thrown [s\src\hotspot\share\interpreter\linkResolver.cpp, line 759]
Event: 0.673 Thread 0x0000019a4eeb93e0 Exception <a 'java/lang/NoSuchMethodError'{0x0000000714c6f298}: 'int java.lang.invoke.DirectMethodHandle$Holder.invokeInterface(java.lang.Object, java.lang.Object)'> (0x0000000714c6f298) 
thrown [s\src\hotspot\share\interpreter\linkResolver.cpp, line 759]
Event: 0.673 Thread 0x0000019a4eeb93e0 Exception <a 'java/lang/IncompatibleClassChangeError'{0x0000000714c725a0}: Found class java.lang.Object, but interface was expected> (0x0000000714c725a0) 
thrown [s\src\hotspot\share\interpreter\linkResolver.cpp, line 826]
Event: 0.674 Thread 0x0000019a4eeb93e0 Exception <a 'java/lang/NoSuchMethodError'{0x0000000714c76940}: 'void java.lang.invoke.DirectMethodHandle$Holder.invokeInterface(java.lang.Object, java.lang.Object)'> (0x0000000714c76940) 
thrown [s\src\hotspot\share\interpreter\linkResolver.cpp, line 759]
Event: 0.697 Thread 0x0000019a4eeb93e0 Exception <a 'java/lang/IncompatibleClassChangeError'{0x0000000714d83c30}: Found class java.lang.Object, but interface was expected> (0x0000000714d83c30) 
thrown [s\src\hotspot\share\interpreter\linkResolver.cpp, line 826]

VM Operations (20 events):
Event: 0.112 Executing VM operation: RedefineClasses
Event: 0.113 Executing VM operation: RedefineClasses done
Event: 0.142 Executing VM operation: HandshakeAllThreads
Event: 0.142 Executing VM operation: HandshakeAllThreads done
Event: 0.363 Executing VM operation: HandshakeAllThreads
Event: 0.363 Executing VM operation: HandshakeAllThreads done
Event: 0.385 Executing VM operation: HandshakeAllThreads
Event: 0.385 Executing VM operation: HandshakeAllThreads done
Event: 0.401 Executing VM operation: HandshakeAllThreads
Event: 0.401 Executing VM operation: HandshakeAllThreads done
Event: 0.610 Executing VM operation: G1CollectForAllocation
Event: 0.614 Executing VM operation: G1CollectForAllocation done
Event: 0.618 Executing VM operation: HandshakeAllThreads
Event: 0.618 Executing VM operation: HandshakeAllThreads done
Event: 0.634 Executing VM operation: HandshakeAllThreads
Event: 0.635 Executing VM operation: HandshakeAllThreads done
Event: 0.704 Executing VM operation: HandshakeAllThreads
Event: 0.704 Executing VM operation: HandshakeAllThreads done
Event: 0.749 Executing VM operation: HandshakeAllThreads
Event: 0.749 Executing VM operation: HandshakeAllThreads done

Memory protections (0 events):
No events

Nmethod flushes (0 events):
No events

Events (18 events):
Event: 0.030 Thread 0x0000019a4eeb93e0 Thread added: 0x0000019a4eeb93e0
Event: 0.032 Thread 0x0000019a4eeb93e0 Thread added: 0x0000019a71b646d0
Event: 0.032 Thread 0x0000019a4eeb93e0 Thread added: 0x0000019a71b651a0
Event: 0.038 Thread 0x0000019a4eeb93e0 Thread added: 0x0000019a71b76880
Event: 0.038 Thread 0x0000019a4eeb93e0 Thread added: 0x0000019a71b79260
Event: 0.038 Thread 0x0000019a4eeb93e0 Thread added: 0x0000019a71b7bb40
Event: 0.039 Thread 0x0000019a4eeb93e0 Thread added: 0x0000019a71b7c820
Event: 0.039 Thread 0x0000019a4eeb93e0 Thread added: 0x0000019a71b80b00
Event: 0.039 Thread 0x0000019a4eeb93e0 Thread added: 0x0000019a71b814c0
Event: 0.039 Thread 0x0000019a4eeb93e0 Thread added: 0x0000019a71b90e10
Event: 0.065 Thread 0x0000019a4eeb93e0 Thread added: 0x0000019a728e6400
Event: 0.073 Thread 0x0000019a71b814c0 Thread added: 0x0000019a7290a950
Event: 0.074 Thread 0x0000019a7290a950 Thread added: 0x0000019a7290ce80
Event: 0.081 Thread 0x0000019a7290a950 Thread added: 0x0000019a72937cd0
Event: 0.113 Thread 0x0000019a4eeb93e0 Thread added: 0x0000019a72aaaa30
Event: 0.138 Thread 0x0000019a4eeb93e0 Thread added: 0x0000019a7708b4f0
Event: 0.138 Thread 0x0000019a4eeb93e0 Thread added: 0x0000019a770660d0
Event: 0.717 Thread 0x0000019a71b814c0 Thread added: 0x0000019a7810b6b0


Dynamic libraries:
0x00007ff7c4110000 - 0x00007ff7c411e000 	C:\Users\User1\.jdks\ms-17.0.16\bin\java.exe
0x00007ffc570c0000 - 0x00007ffc57327000 	C:\Windows\SYSTEM32\ntdll.dll
0x00007ffc55c20000 - 0x00007ffc55ce9000 	C:\Windows\System32\KERNEL32.DLL
0x00007ffc54750000 - 0x00007ffc54b40000 	C:\Windows\System32\KERNELBASE.dll
0x00007ffc54540000 - 0x00007ffc5468b000 	C:\Windows\System32\ucrtbase.dll
0x00007ffc4dfc0000 - 0x00007ffc4dfd8000 	C:\Users\User1\.jdks\ms-17.0.16\bin\jli.dll
0x00007ffc50030000 - 0x00007ffc5004e000 	C:\Users\User1\.jdks\ms-17.0.16\bin\VCRUNTIME140.dll
0x00007ffc56150000 - 0x00007ffc56315000 	C:\Windows\System32\USER32.dll
0x00007ffc54e20000 - 0x00007ffc54e47000 	C:\Windows\System32\win32u.dll
0x00007ffc56460000 - 0x00007ffc5648b000 	C:\Windows\System32\GDI32.dll
0x00007ffc533e0000 - 0x00007ffc5367a000 	C:\Windows\WinSxS\amd64_microsoft.windows.common-controls_6595b64144ccf1df_6.0.26100.4768_none_3e0c112ce331287c\COMCTL32.dll
0x00007ffc54400000 - 0x00007ffc54538000 	C:\Windows\System32\gdi32full.dll
0x00007ffc566f0000 - 0x00007ffc56799000 	C:\Windows\System32\msvcrt.dll
0x00007ffc54cd0000 - 0x00007ffc54d73000 	C:\Windows\System32\msvcp_win.dll
0x00007ffc54e50000 - 0x00007ffc54e7f000 	C:\Windows\System32\IMM32.DLL
0x00007ffc50070000 - 0x00007ffc5007c000 	C:\Users\User1\.jdks\ms-17.0.16\bin\vcruntime140_1.dll
0x00007ffc4df30000 - 0x00007ffc4dfb9000 	C:\Users\User1\.jdks\ms-17.0.16\bin\msvcp140.dll
0x00007ffc0b940000 - 0x00007ffc0c5ba000 	C:\Users\User1\.jdks\ms-17.0.16\bin\server\jvm.dll
0x00007ffc567a0000 - 0x00007ffc56854000 	C:\Windows\System32\ADVAPI32.dll
0x00007ffc569b0000 - 0x00007ffc56a56000 	C:\Windows\System32\sechost.dll
0x00007ffc56ef0000 - 0x00007ffc57008000 	C:\Windows\System32\RPCRT4.dll
0x00007ffc559e0000 - 0x00007ffc55a54000 	C:\Windows\System32\WS2_32.dll
0x00007ffc54050000 - 0x00007ffc540ae000 	C:\Windows\SYSTEM32\POWRPROF.dll
0x00007ffc4d5b0000 - 0x00007ffc4d5bb000 	C:\Windows\SYSTEM32\VERSION.dll
0x00007ffc44000000 - 0x00007ffc44035000 	C:\Windows\SYSTEM32\WINMM.dll
0x00007ffc54030000 - 0x00007ffc54044000 	C:\Windows\SYSTEM32\UMPDC.dll
0x00007ffc525f0000 - 0x00007ffc5260b000 	C:\Windows\SYSTEM32\kernel.appcore.dll
0x00007ffc452f0000 - 0x00007ffc452fa000 	C:\Users\User1\.jdks\ms-17.0.16\bin\jimage.dll
0x00007ffc539b0000 - 0x00007ffc53bf1000 	C:\Windows\SYSTEM32\DBGHELP.DLL
0x00007ffc55650000 - 0x00007ffc559d5000 	C:\Windows\System32\combase.dll
0x00007ffc56860000 - 0x00007ffc56940000 	C:\Windows\System32\OLEAUT32.dll
0x00007ffc53890000 - 0x00007ffc538d3000 	C:\Windows\SYSTEM32\dbgcore.DLL
0x00007ffc54d80000 - 0x00007ffc54e19000 	C:\Windows\System32\bcryptPrimitives.dll
0x00007ffc451d0000 - 0x00007ffc451df000 	C:\Users\User1\.jdks\ms-17.0.16\bin\instrument.dll
0x00007ffc452c0000 - 0x00007ffc452e6000 	C:\Users\User1\.jdks\ms-17.0.16\bin\java.dll
0x00007ffc451b0000 - 0x00007ffc451c8000 	C:\Users\User1\.jdks\ms-17.0.16\bin\zip.dll
0x00007ffc451e0000 - 0x00007ffc452b6000 	C:\Users\User1\.jdks\ms-17.0.16\bin\jsvml.dll
0x00007ffc54e90000 - 0x00007ffc555dd000 	C:\Windows\System32\SHELL32.dll
0x00007ffc54b50000 - 0x00007ffc54cc3000 	C:\Windows\System32\wintypes.dll
0x00007ffc51300000 - 0x00007ffc51b60000 	C:\Windows\SYSTEM32\windows.storage.dll
0x00007ffc55cf0000 - 0x00007ffc55de5000 	C:\Windows\System32\SHCORE.dll
0x00007ffc555e0000 - 0x00007ffc5564a000 	C:\Windows\System32\shlwapi.dll
0x00007ffc54110000 - 0x00007ffc54139000 	C:\Windows\SYSTEM32\profapi.dll
0x00007ffc45190000 - 0x00007ffc451ab000 	C:\Users\User1\.jdks\ms-17.0.16\bin\net.dll
0x00007ffc4c5e0000 - 0x00007ffc4c6fe000 	C:\Windows\SYSTEM32\WINHTTP.dll
0x00007ffc52b20000 - 0x00007ffc52b8b000 	C:\Windows\system32\mswsock.dll
0x00007ffc45170000 - 0x00007ffc45186000 	C:\Users\User1\.jdks\ms-17.0.16\bin\nio.dll
0x00007ffc45160000 - 0x00007ffc45169000 	C:\Users\User1\.jdks\ms-17.0.16\bin\extnet.dll
0x00007ffc53d20000 - 0x00007ffc53d3b000 	C:\Windows\SYSTEM32\CRYPTSP.dll
0x00007ffc53190000 - 0x00007ffc531cb000 	C:\Windows\system32\rsaenh.dll
0x00007ffc52b90000 - 0x00007ffc52bbb000 	C:\Windows\SYSTEM32\USERENV.dll
0x00007ffc540e0000 - 0x00007ffc54106000 	C:\Windows\SYSTEM32\bcrypt.dll
0x00007ffc53210000 - 0x00007ffc5321c000 	C:\Windows\SYSTEM32\CRYPTBASE.dll
0x00007ffc52020000 - 0x00007ffc52053000 	C:\Windows\SYSTEM32\IPHLPAPI.DLL
0x00007ffc57010000 - 0x00007ffc5701a000 	C:\Windows\System32\NSI.dll
0x00007ffc4b120000 - 0x00007ffc4b13f000 	C:\Windows\SYSTEM32\dhcpcsvc6.DLL
0x00007ffc4b0f0000 - 0x00007ffc4b115000 	C:\Windows\SYSTEM32\dhcpcsvc.DLL
0x00007ffc520b0000 - 0x00007ffc521d6000 	C:\Windows\SYSTEM32\DNSAPI.dll

dbghelp: loaded successfully - version: 4.0.5 - missing functions: none
symbol engine: initialized successfully - sym options: 0x614 - pdb path: .;C:\Users\User1\.jdks\ms-17.0.16\bin;C:\Windows\SYSTEM32;C:\Windows\WinSxS\amd64_microsoft.windows.common-controls_6595b64144ccf1df_6.0.26100.4768_none_3e0c112ce331287c;C:\Users\User1\.jdks\ms-17.0.16\bin\server

VM Arguments:
jvm_args: -javaagent:C:\Users\User1\AppData\Local\JetBrains\IdeaIC2025.2\captureAgent\debugger-agent.jar=file:///C:/Users/User1/AppData/Local/Temp/capture8521851948693020108.props -ea -Didea.test.cyclic.buffer.size=1048576 -javaagent:C:\Program Files\JetBrains\IntelliJ IDEA Community Edition 2025.2\lib\idea_rt.jar=51292 -Dkotlinx.coroutines.debug.enable.creation.stack.trace=false -Ddebugger.agent.enable.coroutines=true -Dkotlinx.coroutines.debug.enable.flows.stack.trace=true -Dkotlinx.coroutines.debug.enable.mutable.state.flows.stack.trace=true -Dfile.encoding=UTF-8 
java_command: com.intellij.rt.testng.RemoteTestNGStarter -usedefaultlisteners false -socket51291 @w@C:\Users\User1\AppData\Local\Temp\idea_working_dirs_testng1.tmp -temp C:\Users\User1\AppData\Local\Temp\idea_testng1.tmp
java_class_path (initial): C:\Program Files\JetBrains\IntelliJ IDEA Community Edition 2025.2\lib\idea_rt.jar;C:\Program Files\JetBrains\IntelliJ IDEA Community Edition 2025.2\plugins\testng\lib\testng-rt.jar;C:\Users\User1\IdeaProjects\Ababill-automation\target\test-classes;C:\Users\User1\IdeaProjects\Ababill-automation\target\classes;C:\Users\User1\.m2\repository\com\microsoft\playwright\playwright\1.53.0\playwright-1.53.0.jar;C:\Users\User1\.m2\repository\com\google\code\gson\gson\2.12.1\gson-2.12.1.jar;C:\Users\User1\.m2\repository\com\google\errorprone\error_prone_annotations\2.36.0\error_prone_annotations-2.36.0.jar;C:\Users\User1\.m2\repository\org\opentest4j\opentest4j\1.3.0\opentest4j-1.3.0.jar;C:\Users\User1\.m2\repository\com\microsoft\playwright\driver\1.53.0\driver-1.53.0.jar;C:\Users\User1\.m2\repository\com\microsoft\playwright\driver-bundle\1.53.0\driver-bundle-1.53.0.jar;C:\Users\User1\.m2\repository\org\testng\testng\7.11.0\testng-7.11.0.jar;C:\Users\User1\.m2\repository\org\slf4j\slf4j-api\2.0.16\slf4j-api-2.0.16.jar;C:\Users\User1\.m2\repository\org\jcommander\jcommander\1.83\jcommander-1.83.jar;C:\Users\User1\.m2\repository\org\webjars\jquery\3.7.1\jquery-3.7.1.jar;C:\Users\User1\.m2\repository\com\aventstack\extentreports\5.1.2\extentreports-5.1.2.jar;C:\Users\User1\.m2\repository\io\reactivex\rxjava3\rxjava\3.1.6\rxjava-3.1.6.jar;C:\Users\User1\.m2\repository\org\reactivestreams\reactive-streams\1.0.4\reactive-streams-1.0.4.jar;C:\Users\User1\.m2\repository\org\freemarker\freemarker\2.3.32\freemarker-2.3.32.jar;C:\Users\User1\.m2\repository\org\projectlombok\lombok\1.18.26\lombok-1.18.26.jar
Launcher Type: SUN_STANDARD

[Global flags]
     intx CICompilerCount                          = 12                                        {product} {ergonomic}
     uint ConcGCThreads                            = 3                                         {product} {ergonomic}
     uint G1ConcRefinementThreads                  = 13                                        {product} {ergonomic}
   size_t G1HeapRegionSize                         = 2097152                                   {product} {ergonomic}
    uintx GCDrainStackTargetSize                   = 64                                        {product} {ergonomic}
   size_t InitialHeapSize                          = 264241152                                 {product} {ergonomic}
   size_t MarkStackSize                            = 4194304                                   {product} {ergonomic}
   size_t MaxHeapSize                              = 4206886912                                {product} {ergonomic}
   size_t MaxNewSize                               = 2522873856                                {product} {ergonomic}
   size_t MinHeapDeltaBytes                        = 2097152                                   {product} {ergonomic}
   size_t MinHeapSize                              = 8388608                                   {product} {ergonomic}
    uintx NonNMethodCodeHeapSize                   = 7602480                                {pd product} {ergonomic}
    uintx NonProfiledCodeHeapSize                  = 122027880                              {pd product} {ergonomic}
    uintx ProfiledCodeHeapSize                     = 122027880                              {pd product} {ergonomic}
    uintx ReservedCodeCacheSize                    = 251658240                              {pd product} {ergonomic}
     bool SegmentedCodeCache                       = true                                      {product} {ergonomic}
   size_t SoftMaxHeapSize                          = 4206886912                             {manageable} {ergonomic}
     bool UseCompressedClassPointers               = true                           {product lp64_product} {ergonomic}
     bool UseCompressedOops                        = true                           {product lp64_product} {ergonomic}
     bool UseG1GC                                  = true                                      {product} {ergonomic}
     bool UseLargePagesIndividualAllocation        = false                                  {pd product} {ergonomic}

Logging:
Log output configuration:
 #0: stdout all=warning uptime,level,tags
 #1: stderr all=off uptime,level,tags

Environment Variables:
JAVA_HOME=C:\Program Files\Eclipse Adoptium\jdk-17.0.14.7-hotspot
PATH=C:\Program Files\Eclipse Adoptium\jdk-17.0.14.7-hotspot\bin;C:\Python313\Scripts\;C:\Python313\;C:\Windows\system32;C:\Windows;C:\Windows\System32\Wbem;C:\Windows\System32\WindowsPowerShell\v1.0\;C:\Windows\System32\OpenSSH\;C:\Program Files\nodejs\;C:\ProgramData\chocolatey\bin;C:\Program Files\platform-tools;C:\Program Files\Git\cmd;C:\Program Files\PowerShell\7\;C:\Users\User1\AppData\Local\Microsoft\WindowsApps;C:\Program Files\Eclipse Adoptium\jdk-17.0.14.7-hotspot\bin;C:\Users\User1\Downloads\apache-maven-3.9.11-bin\apache-maven-3.9.11\bin;C:\Users\User1\AppData\Roaming\npm;C:\Users\User1\AppData\Local\Android\Sdk\platform-tools;C:\Users\User1\AppData\Local\Android\Sdk\platform-tools\platform-tools;C:\Users\User1\AppData\Local\Android\Sdk\platform-tools\tools;C:\Users\User1\AppData\Local\Android\Sdk\platform-tools;
USERNAME=User1
OS=Windows_NT
PROCESSOR_IDENTIFIER=Intel64 Family 6 Model 165 Stepping 5, GenuineIntel
TMP=C:\Users\User1\AppData\Local\Temp
TEMP=C:\Users\User1\AppData\Local\Temp



Periodic native trim disabled


---------------  S Y S T E M  ---------------

OS:
 Windows 11 , 64 bit Build 26100 (10.0.26100.4768)
OS uptime: 0 days 0:45 hours
Hyper-V role detected

CPU: total 16 (initial active 16) (8 cores per cpu, 2 threads per core) family 6 model 165 stepping 5 microcode 0xec, cx8, cmov, fxsr, ht, mmx, 3dnowpref, sse, sse2, sse3, ssse3, sse4.1, sse4.2, popcnt, lzcnt, tsc, tscinvbit, avx, avx2, aes, erms, clmul, bmi1, bmi2, adx, fma, vzeroupper, clflush, clflushopt, hv
Processor Information for the first 16 processors :
  Max Mhz: 2904, Current Mhz: 2904, Mhz Limit: 2904

Memory: 4k page, system-wide physical 16045M (7125M free)
TotalPageFile size 17069M (AvailPageFile size 6352M)
current process WorkingSet (physical memory assigned to process): 109M, peak: 109M
current process commit charge ("private bytes"): 393M, peak: 393M

vm_info: OpenJDK 64-Bit Server VM (17.0.16+8-LTS) for windows-amd64 JRE (17.0.16+8-LTS), built on Jul 10 2025 00:24:24 by "MicrosoftCorporation" with unknown MS VC++:1944

END.
